<?xml version="1.0" encoding="UTF-8"?>
<!-- Generated by org.testng.reporters.JUnitReportReporter -->
<testsuite hostname="DESKTOP-IFJIGM4" failures="0" tests="1" name="test.AddCustomerTestPage" time="6.320" errors="0" timestamp="2022-04-05T11:02:53 CDT" skipped="0">
  <testcase classname="test.AddCustomerTestPage" name="validUserShouldBeAbleToCreateCustomer" time="6.320"/>
  <system-out/>
</testsuite> <!-- test.AddCustomerTestPage -->
