<?xml version="1.0" encoding="UTF-8"?>
<!-- Generated by org.testng.reporters.JUnitReportReporter -->
<testsuite hostname="DESKTOP-IFJIGM4" failures="0" tests="1" name="test.LoginTest" time="5.466" errors="0" timestamp="2022-04-05T10:20:44 CDT" skipped="0">
  <testcase classname="test.LoginTest" name="validUserShouldBeAbleToLogin" time="5.466"/>
  <system-out/>
</testsuite> <!-- test.LoginTest -->
